### so-demo/curs-09-demo/spinlock-mutex/mutex

The futex facility returned an unexpected error code.

### so-demo/curs-09-demo/spinlock-mutex/spinlock

The futex facility returned an unexpected error code.

### so-demo/curs-09-demo/granularity/granularity-coarse

(granularity.c, 51): pthread_create: Resource deadlock avoided

### so-demo/curs-09-demo/granularity/granularity-fine

(granularity.c, 51): pthread_create: Resource deadlock avoided

### so-demo/curs-09-demo/indefinite-wait/indefinite-wait

The futex facility returned an unexpected error code.

### so-demo/curs-09-demo/ring-buffer/producer_consumer

The futex facility returned an unexpected error code.

### so-demo/curs-02-demo/truncate/truncate

(truncate.c, 19): open: Operation not permitted

### so-demo/curs-02-demo/save-fd/save-fd

(save-fd.c, 16): open: Operation not permitted

### so-demo/curs-02-demo/sparse-file/sparse-file

(sparse-file.c, 22): open: Operation not permitted

### so-demo/curs-10-demo/ioctl/hwaddr-ioctl

(hwaddr-ioctl.c, 29): socket: Remote address changed

### so-demo/curs-07-demo/socket-ssp/socket_ssp

(socket_ssp.c, 49): socket: Remote address changed

### so-demo/curs-05-demo/system-memory/system-memory

*** stack smashing detected ***: <unknown> terminated

### so-demo/curs-08-demo/shared-data/process

[    0.112097] CRIT: [libcontext] <ctx.c @   55> Assertion failure: !keep_regs && sp

### so-demo/curs-08-demo/creation-time/process-overhead

[    0.113689] CRIT: [libcontext] <ctx.c @   55> Assertion failure: !keep_regs && sp

### so-demo/curs-03-demo/executor/executor

[    0.112981] CRIT: [libcontext] <ctx.c @   55> Assertion failure: !keep_regs && sp

### so-demo/curs-03-demo/orphan-zombie/orphan

[    0.112322] CRIT: [libcontext] <ctx.c @   55> Assertion failure: !keep_regs && sp

### so-demo/curs-03-demo/orphan-zombie/zombie

[    0.112584] CRIT: [libcontext] <ctx.c @   55> Assertion failure: !keep_regs && sp

### so-demo/curs-04-demo/pipe-exec/executor_ansi

[    0.112778] CRIT: [libcontext] <ctx.c @   55> Assertion failure: !keep_regs && sp

### so-demo/curs-04-demo/pipe-exec/executor

[    0.112521] CRIT: [libcontext] <ctx.c @   55> Assertion failure: !keep_regs && sp
